===== 05-11-25 10:13:33.81 ===== 
Using Python: C:\Users\HP\AppData\Local\Programs\Python\Python313\python.exe 
Arg 1: I:\Other computers\PEDIA WARD\PEDIA WARD2025\MONTH OF SEPTEMBER\25.09.2025\URVASHI YADAV\IMG-20251001-WA0052.jpg 
Arg 2: I:\Other computers\PEDIA WARD\PEDIA WARD2025\MONTH OF SEPTEMBER\25.09.2025\URVASHI YADAV\WhatsApp Image 2025-09-25 at 12.48.16_edd4b18d.jpg 
Received 2 arguments. 
Running: "C:\Users\HP\AppData\Local\Programs\Python\Python313\python.exe" "G:\Other computers\My Computer\pythonProject\TMS_Process\process\rclick_pdf.py"  \"I:\Other computers\PEDIA WARD\PEDIA WARD2025\MONTH OF SEPTEMBER\25.09.2025\URVASHI YADAV\IMG-20251001-WA0052.jpg\" \"I:\Other computers\PEDIA WARD\PEDIA WARD2025\MONTH OF SEPTEMBER\25.09.2025\URVASHI YADAV\WhatsApp Image 2025-09-25 at 12.48.16_edd4b18d.jpg\" 
⚠️ No image files selected.
Python completed OK 
===== 05-11-25 10:15:07.91 ===== 
Using Python: C:\Users\HP\AppData\Local\Programs\Python\Python313\python.exe 
Arg 1: I:\Other computers\PEDIA WARD\PEDIA WARD2025\MONTH OF SEPTEMBER\25.09.2025\URVASHI YADAV\IMG-20251001-WA0052.jpg 
Arg 2: I:\Other computers\PEDIA WARD\PEDIA WARD2025\MONTH OF SEPTEMBER\25.09.2025\URVASHI YADAV\WhatsApp Image 2025-09-25 at 12.48.16_edd4b18d.jpg 
Received 2 arguments. 
Running: "C:\Users\HP\AppData\Local\Programs\Python\Python313\python.exe" "G:\Other computers\My Computer\pythonProject\TMS_Process\process\rclick_pdf.py"  \"I:\Other computers\PEDIA WARD\PEDIA WARD2025\MONTH OF SEPTEMBER\25.09.2025\URVASHI YADAV\IMG-20251001-WA0052.jpg\" \"I:\Other computers\PEDIA WARD\PEDIA WARD2025\MONTH OF SEPTEMBER\25.09.2025\URVASHI YADAV\WhatsApp Image 2025-09-25 at 12.48.16_edd4b18d.jpg\" 
📥 Raw args received: ['"I:\\Other', 'computers\\PEDIA', 'WARD\\PEDIA', 'WARD2025\\MONTH', 'OF', 'SEPTEMBER\\25.09.2025\\URVASHI', 'YADAV\\IMG-20251001-WA0052.jpg"', '"I:\\Other', 'computers\\PEDIA', 'WARD\\PEDIA', 'WARD2025\\MONTH', 'OF', 'SEPTEMBER\\25.09.2025\\URVASHI', 'YADAV\\WhatsApp', 'Image', '2025-09-25', 'at', '12.48.16_edd4b18d.jpg"']
⚠️ No image files selected.
Python completed OK 
===== 05-11-25 10:16:55.78 ===== 
Using Python: C:\Users\HP\AppData\Local\Programs\Python\Python313\python.exe 
Arg 1: I:\Other computers\PEDIA WARD\PEDIA WARD2025\MONTH OF SEPTEMBER\25.09.2025\URVASHI YADAV\IMG-20251001-WA0052.jpg 
Arg 2: I:\Other computers\PEDIA WARD\PEDIA WARD2025\MONTH OF SEPTEMBER\25.09.2025\URVASHI YADAV\WhatsApp Image 2025-09-25 at 12.48.16_edd4b18d.jpg 
Received 2 arguments. 
Running: "C:\Users\HP\AppData\Local\Programs\Python\Python313\python.exe" "G:\Other computers\My Computer\pythonProject\TMS_Process\process\rclick_pdf.py"  "I:\Other computers\PEDIA WARD\PEDIA WARD2025\MONTH OF SEPTEMBER\25.09.2025\URVASHI YADAV\IMG-20251001-WA0052.jpg" "I:\Other computers\PEDIA WARD\PEDIA WARD2025\MONTH OF SEPTEMBER\25.09.2025\URVASHI YADAV\WhatsApp Image 2025-09-25 at 12.48.16_edd4b18d.jpg" 
Python exit code 0 
 
===== 05-11-25 10:18:40.90 ===== 
Using Python: C:\Users\HP\AppData\Local\Programs\Python\Python313\python.exe 
Arg 1: I:\Other computers\PEDIA WARD\PEDIA WARD2025\MONTH OF SEPTEMBER\25.09.2025\URVASHI YADAV\IMG-20251001-WA0048.jpg 
Arg 2: I:\Other computers\PEDIA WARD\PEDIA WARD2025\MONTH OF SEPTEMBER\25.09.2025\URVASHI YADAV\IMG-20251001-WA0049.jpg 
Arg 3: I:\Other computers\PEDIA WARD\PEDIA WARD2025\MONTH OF SEPTEMBER\25.09.2025\URVASHI YADAV\IMG-20251001-WA0050.jpg 
Arg 4: I:\Other computers\PEDIA WARD\PEDIA WARD2025\MONTH OF SEPTEMBER\25.09.2025\URVASHI YADAV\IMG-20251001-WA0051.jpg 
Arg 5: I:\Other computers\PEDIA WARD\PEDIA WARD2025\MONTH OF SEPTEMBER\25.09.2025\URVASHI YADAV\IMG-20251001-WA0052.jpg 
Arg 6: I:\Other computers\PEDIA WARD\PEDIA WARD2025\MONTH OF SEPTEMBER\25.09.2025\URVASHI YADAV\WhatsApp Image 2025-09-25 at 12.48.16_edd4b18d.jpg 
Arg 7: I:\Other computers\PEDIA WARD\PEDIA WARD2025\MONTH OF SEPTEMBER\25.09.2025\URVASHI YADAV\C.jpg 
Arg 8: I:\Other computers\PEDIA WARD\PEDIA WARD2025\MONTH OF SEPTEMBER\25.09.2025\URVASHI YADAV\I.jpg 
Arg 9: I:\Other computers\PEDIA WARD\PEDIA WARD2025\MONTH OF SEPTEMBER\25.09.2025\URVASHI YADAV\IMG-20250925-WA0095.jpg 
Arg 10: I:\Other computers\PEDIA WARD\PEDIA WARD2025\MONTH OF SEPTEMBER\25.09.2025\URVASHI YADAV\IMG-20250925-WA0096.jpg 
Arg 11: I:\Other computers\PEDIA WARD\PEDIA WARD2025\MONTH OF SEPTEMBER\25.09.2025\URVASHI YADAV\IMG-20250925-WA0098.jpg 
Arg 12: I:\Other computers\PEDIA WARD\PEDIA WARD2025\MONTH OF SEPTEMBER\25.09.2025\URVASHI YADAV\IMG-20250925-WA0100.jpg 
Arg 13: I:\Other computers\PEDIA WARD\PEDIA WARD2025\MONTH OF SEPTEMBER\25.09.2025\URVASHI YADAV\IMG-20250925-WA0101.jpg 
Arg 14: I:\Other computers\PEDIA WARD\PEDIA WARD2025\MONTH OF SEPTEMBER\25.09.2025\URVASHI YADAV\IMG-20251001-WA0037.jpg 
Arg 15: I:\Other computers\PEDIA WARD\PEDIA WARD2025\MONTH OF SEPTEMBER\25.09.2025\URVASHI YADAV\IMG-20251001-WA0038.jpg 
Arg 16: I:\Other computers\PEDIA WARD\PEDIA WARD2025\MONTH OF SEPTEMBER\25.09.2025\URVASHI YADAV\IMG-20251001-WA0039.jpg 
Arg 17: I:\Other computers\PEDIA WARD\PEDIA WARD2025\MONTH OF SEPTEMBER\25.09.2025\URVASHI YADAV\IMG-20251001-WA0040.jpg 
Arg 18: I:\Other computers\PEDIA WARD\PEDIA WARD2025\MONTH OF SEPTEMBER\25.09.2025\URVASHI YADAV\IMG-20251001-WA0041.jpg 
Arg 19: I:\Other computers\PEDIA WARD\PEDIA WARD2025\MONTH OF SEPTEMBER\25.09.2025\URVASHI YADAV\IMG-20251001-WA0042.jpg 
Arg 20: I:\Other computers\PEDIA WARD\PEDIA WARD2025\MONTH OF SEPTEMBER\25.09.2025\URVASHI YADAV\IMG-20251001-WA0043.jpg 
Arg 21: I:\Other computers\PEDIA WARD\PEDIA WARD2025\MONTH OF SEPTEMBER\25.09.2025\URVASHI YADAV\IMG-20251001-WA0044.jpg 
Arg 22: I:\Other computers\PEDIA WARD\PEDIA WARD2025\MONTH OF SEPTEMBER\25.09.2025\URVASHI YADAV\IMG-20251001-WA0045.jpg 
Arg 23: I:\Other computers\PEDIA WARD\PEDIA WARD2025\MONTH OF SEPTEMBER\25.09.2025\URVASHI YADAV\IMG-20251001-WA0046.jpg 
Arg 24: I:\Other computers\PEDIA WARD\PEDIA WARD2025\MONTH OF SEPTEMBER\25.09.2025\URVASHI YADAV\IMG-20251001-WA0047.jpg 
Received 24 arguments. 
Running: "C:\Users\HP\AppData\Local\Programs\Python\Python313\python.exe" "G:\Other computers\My Computer\pythonProject\TMS_Process\process\rclick_pdf.py"  "I:\Other computers\PEDIA WARD\PEDIA WARD2025\MONTH OF SEPTEMBER\25.09.2025\URVASHI YADAV\IMG-20251001-WA0048.jpg" "I:\Other computers\PEDIA WARD\PEDIA WARD2025\MONTH OF SEPTEMBER\25.09.2025\URVASHI YADAV\IMG-20251001-WA0049.jpg" "I:\Other computers\PEDIA WARD\PEDIA WARD2025\MONTH OF SEPTEMBER\25.09.2025\URVASHI YADAV\IMG-20251001-WA0050.jpg" "I:\Other computers\PEDIA WARD\PEDIA WARD2025\MONTH OF SEPTEMBER\25.09.2025\URVASHI YADAV\IMG-20251001-WA0051.jpg" "I:\Other computers\PEDIA WARD\PEDIA WARD2025\MONTH OF SEPTEMBER\25.09.2025\URVASHI YADAV\IMG-20251001-WA0052.jpg" "I:\Other computers\PEDIA WARD\PEDIA WARD2025\MONTH OF SEPTEMBER\25.09.2025\URVASHI YADAV\WhatsApp Image 2025-09-25 at 12.48.16_edd4b18d.jpg" "I:\Other computers\PEDIA WARD\PEDIA WARD2025\MONTH OF SEPTEMBER\25.09.2025\URVASHI YADAV\C.jpg" "I:\Other computers\PEDIA WARD\PEDIA WARD2025\MONTH OF SEPTEMBER\25.09.2025\URVASHI YADAV\I.jpg" "I:\Other computers\PEDIA WARD\PEDIA WARD2025\MONTH OF SEPTEMBER\25.09.2025\URVASHI YADAV\IMG-20250925-WA0095.jpg" "I:\Other computers\PEDIA WARD\PEDIA WARD2025\MONTH OF SEPTEMBER\25.09.2025\URVASHI YADAV\IMG-20250925-WA0096.jpg" "I:\Other computers\PEDIA WARD\PEDIA WARD2025\MONTH OF SEPTEMBER\25.09.2025\URVASHI YADAV\IMG-20250925-WA0098.jpg" "I:\Other computers\PEDIA WARD\PEDIA WARD2025\MONTH OF SEPTEMBER\25.09.2025\URVASHI YADAV\IMG-20250925-WA0100.jpg" "I:\Other computers\PEDIA WARD\PEDIA WARD2025\MONTH OF SEPTEMBER\25.09.2025\URVASHI YADAV\IMG-20250925-WA0101.jpg" "I:\Other computers\PEDIA WARD\PEDIA WARD2025\MONTH OF SEPTEMBER\25.09.2025\URVASHI YADAV\IMG-20251001-WA0037.jpg" "I:\Other computers\PEDIA WARD\PEDIA WARD2025\MONTH OF SEPTEMBER\25.09.2025\URVASHI YADAV\IMG-20251001-WA0038.jpg" "I:\Other computers\PEDIA WARD\PEDIA WARD2025\MONTH OF SEPTEMBER\25.09.2025\URVASHI YADAV\IMG-20251001-WA0039.jpg" "I:\Other computers\PEDIA WARD\PEDIA WARD2025\MONTH OF SEPTEMBER\25.09.2025\URVASHI YADAV\IMG-20251001-WA0040.jpg" "I:\Other computers\PEDIA WARD\PEDIA WARD2025\MONTH OF SEPTEMBER\25.09.2025\URVASHI YADAV\IMG-20251001-WA0041.jpg" "I:\Other computers\PEDIA WARD\PEDIA WARD2025\MONTH OF SEPTEMBER\25.09.2025\URVASHI YADAV\IMG-20251001-WA0042.jpg" "I:\Other computers\PEDIA WARD\PEDIA WARD2025\MONTH OF SEPTEMBER\25.09.2025\URVASHI YADAV\IMG-20251001-WA0043.jpg" "I:\Other computers\PEDIA WARD\PEDIA WARD2025\MONTH OF SEPTEMBER\25.09.2025\URVASHI YADAV\IMG-20251001-WA0044.jpg" "I:\Other computers\PEDIA WARD\PEDIA WARD2025\MONTH OF SEPTEMBER\25.09.2025\URVASHI YADAV\IMG-20251001-WA0045.jpg" "I:\Other computers\PEDIA WARD\PEDIA WARD2025\MONTH OF SEPTEMBER\25.09.2025\URVASHI YADAV\IMG-20251001-WA0046.jpg" "I:\Other computers\PEDIA WARD\PEDIA WARD2025\MONTH OF SEPTEMBER\25.09.2025\URVASHI YADAV\IMG-20251001-WA0047.jpg" 
Python exit code 0 
 
===== 05-11-25 10:19:54.95 ===== 
Using Python: C:\Users\HP\AppData\Local\Programs\Python\Python313\python.exe 
Arg 1: I:\Other computers\PEDIA WARD\PEDIA WARD2025\MONTH OF SEPTEMBER\25.09.2025\URVASHI YADAV\IMG-20251001-WA0045.jpg 
Arg 2: I:\Other computers\PEDIA WARD\PEDIA WARD2025\MONTH OF SEPTEMBER\25.09.2025\URVASHI YADAV\IMG-20251001-WA0046.jpg 
Arg 3: I:\Other computers\PEDIA WARD\PEDIA WARD2025\MONTH OF SEPTEMBER\25.09.2025\URVASHI YADAV\IMG-20251001-WA0047.jpg 
Arg 4: I:\Other computers\PEDIA WARD\PEDIA WARD2025\MONTH OF SEPTEMBER\25.09.2025\URVASHI YADAV\IMG-20251001-WA0048.jpg 
Arg 5: I:\Other computers\PEDIA WARD\PEDIA WARD2025\MONTH OF SEPTEMBER\25.09.2025\URVASHI YADAV\IMG-20251001-WA0049.jpg 
Arg 6: I:\Other computers\PEDIA WARD\PEDIA WARD2025\MONTH OF SEPTEMBER\25.09.2025\URVASHI YADAV\IMG-20251001-WA0050.jpg 
Arg 7: I:\Other computers\PEDIA WARD\PEDIA WARD2025\MONTH OF SEPTEMBER\25.09.2025\URVASHI YADAV\IMG-20251001-WA0051.jpg 
Arg 8: I:\Other computers\PEDIA WARD\PEDIA WARD2025\MONTH OF SEPTEMBER\25.09.2025\URVASHI YADAV\IMG-20251001-WA0052.jpg 
Arg 9: I:\Other computers\PEDIA WARD\PEDIA WARD2025\MONTH OF SEPTEMBER\25.09.2025\URVASHI YADAV\WhatsApp Image 2025-09-25 at 12.48.16_edd4b18d.jpg 
Arg 10: I:\Other computers\PEDIA WARD\PEDIA WARD2025\MONTH OF SEPTEMBER\25.09.2025\URVASHI YADAV\URVASHI YADAVMM.pdf 
Arg 11: I:\Other computers\PEDIA WARD\PEDIA WARD2025\MONTH OF SEPTEMBER\25.09.2025\URVASHI YADAV\C.jpg 
Arg 12: I:\Other computers\PEDIA WARD\PEDIA WARD2025\MONTH OF SEPTEMBER\25.09.2025\URVASHI YADAV\I.jpg 
Arg 13: I:\Other computers\PEDIA WARD\PEDIA WARD2025\MONTH OF SEPTEMBER\25.09.2025\URVASHI YADAV\IMG-20250925-WA0095.jpg 
Arg 14: I:\Other computers\PEDIA WARD\PEDIA WARD2025\MONTH OF SEPTEMBER\25.09.2025\URVASHI YADAV\IMG-20250925-WA0096.jpg 
Arg 15: I:\Other computers\PEDIA WARD\PEDIA WARD2025\MONTH OF SEPTEMBER\25.09.2025\URVASHI YADAV\IMG-20250925-WA0098.jpg 
Arg 16: I:\Other computers\PEDIA WARD\PEDIA WARD2025\MONTH OF SEPTEMBER\25.09.2025\URVASHI YADAV\IMG-20250925-WA0100.jpg 
Arg 17: I:\Other computers\PEDIA WARD\PEDIA WARD2025\MONTH OF SEPTEMBER\25.09.2025\URVASHI YADAV\IMG-20250925-WA0101.jpg 
Arg 18: I:\Other computers\PEDIA WARD\PEDIA WARD2025\MONTH OF SEPTEMBER\25.09.2025\URVASHI YADAV\IMG-20251001-WA0037.jpg 
Arg 19: I:\Other computers\PEDIA WARD\PEDIA WARD2025\MONTH OF SEPTEMBER\25.09.2025\URVASHI YADAV\IMG-20251001-WA0038.jpg 
Arg 20: I:\Other computers\PEDIA WARD\PEDIA WARD2025\MONTH OF SEPTEMBER\25.09.2025\URVASHI YADAV\IMG-20251001-WA0039.jpg 
Arg 21: I:\Other computers\PEDIA WARD\PEDIA WARD2025\MONTH OF SEPTEMBER\25.09.2025\URVASHI YADAV\IMG-20251001-WA0040.jpg 
Arg 22: I:\Other computers\PEDIA WARD\PEDIA WARD2025\MONTH OF SEPTEMBER\25.09.2025\URVASHI YADAV\IMG-20251001-WA0041.jpg 
Arg 23: I:\Other computers\PEDIA WARD\PEDIA WARD2025\MONTH OF SEPTEMBER\25.09.2025\URVASHI YADAV\IMG-20251001-WA0042.jpg 
Arg 24: I:\Other computers\PEDIA WARD\PEDIA WARD2025\MONTH OF SEPTEMBER\25.09.2025\URVASHI YADAV\IMG-20251001-WA0043.jpg 
Arg 25: I:\Other computers\PEDIA WARD\PEDIA WARD2025\MONTH OF SEPTEMBER\25.09.2025\URVASHI YADAV\IMG-20251001-WA0044.jpg 
Received 25 arguments. 
Running: "C:\Users\HP\AppData\Local\Programs\Python\Python313\python.exe" "G:\Other computers\My Computer\pythonProject\TMS_Process\process\rclick_pdf.py"  "I:\Other computers\PEDIA WARD\PEDIA WARD2025\MONTH OF SEPTEMBER\25.09.2025\URVASHI YADAV\IMG-20251001-WA0045.jpg" "I:\Other computers\PEDIA WARD\PEDIA WARD2025\MONTH OF SEPTEMBER\25.09.2025\URVASHI YADAV\IMG-20251001-WA0046.jpg" "I:\Other computers\PEDIA WARD\PEDIA WARD2025\MONTH OF SEPTEMBER\25.09.2025\URVASHI YADAV\IMG-20251001-WA0047.jpg" "I:\Other computers\PEDIA WARD\PEDIA WARD2025\MONTH OF SEPTEMBER\25.09.2025\URVASHI YADAV\IMG-20251001-WA0048.jpg" "I:\Other computers\PEDIA WARD\PEDIA WARD2025\MONTH OF SEPTEMBER\25.09.2025\URVASHI YADAV\IMG-20251001-WA0049.jpg" "I:\Other computers\PEDIA WARD\PEDIA WARD2025\MONTH OF SEPTEMBER\25.09.2025\URVASHI YADAV\IMG-20251001-WA0050.jpg" "I:\Other computers\PEDIA WARD\PEDIA WARD2025\MONTH OF SEPTEMBER\25.09.2025\URVASHI YADAV\IMG-20251001-WA0051.jpg" "I:\Other computers\PEDIA WARD\PEDIA WARD2025\MONTH OF SEPTEMBER\25.09.2025\URVASHI YADAV\IMG-20251001-WA0052.jpg" "I:\Other computers\PEDIA WARD\PEDIA WARD2025\MONTH OF SEPTEMBER\25.09.2025\URVASHI YADAV\WhatsApp Image 2025-09-25 at 12.48.16_edd4b18d.jpg" "I:\Other computers\PEDIA WARD\PEDIA WARD2025\MONTH OF SEPTEMBER\25.09.2025\URVASHI YADAV\URVASHI YADAVMM.pdf" "I:\Other computers\PEDIA WARD\PEDIA WARD2025\MONTH OF SEPTEMBER\25.09.2025\URVASHI YADAV\C.jpg" "I:\Other computers\PEDIA WARD\PEDIA WARD2025\MONTH OF SEPTEMBER\25.09.2025\URVASHI YADAV\I.jpg" "I:\Other computers\PEDIA WARD\PEDIA WARD2025\MONTH OF SEPTEMBER\25.09.2025\URVASHI YADAV\IMG-20250925-WA0095.jpg" "I:\Other computers\PEDIA WARD\PEDIA WARD2025\MONTH OF SEPTEMBER\25.09.2025\URVASHI YADAV\IMG-20250925-WA0096.jpg" "I:\Other computers\PEDIA WARD\PEDIA WARD2025\MONTH OF SEPTEMBER\25.09.2025\URVASHI YADAV\IMG-20250925-WA0098.jpg" "I:\Other computers\PEDIA WARD\PEDIA WARD2025\MONTH OF SEPTEMBER\25.09.2025\URVASHI YADAV\IMG-20250925-WA0100.jpg" "I:\Other computers\PEDIA WARD\PEDIA WARD2025\MONTH OF SEPTEMBER\25.09.2025\URVASHI YADAV\IMG-20250925-WA0101.jpg" "I:\Other computers\PEDIA WARD\PEDIA WARD2025\MONTH OF SEPTEMBER\25.09.2025\URVASHI YADAV\IMG-20251001-WA0037.jpg" "I:\Other computers\PEDIA WARD\PEDIA WARD2025\MONTH OF SEPTEMBER\25.09.2025\URVASHI YADAV\IMG-20251001-WA0038.jpg" "I:\Other computers\PEDIA WARD\PEDIA WARD2025\MONTH OF SEPTEMBER\25.09.2025\URVASHI YADAV\IMG-20251001-WA0039.jpg" "I:\Other computers\PEDIA WARD\PEDIA WARD2025\MONTH OF SEPTEMBER\25.09.2025\URVASHI YADAV\IMG-20251001-WA0040.jpg" "I:\Other computers\PEDIA WARD\PEDIA WARD2025\MONTH OF SEPTEMBER\25.09.2025\URVASHI YADAV\IMG-20251001-WA0041.jpg" "I:\Other computers\PEDIA WARD\PEDIA WARD2025\MONTH OF SEPTEMBER\25.09.2025\URVASHI YADAV\IMG-20251001-WA0042.jpg" "I:\Other computers\PEDIA WARD\PEDIA WARD2025\MONTH OF SEPTEMBER\25.09.2025\URVASHI YADAV\IMG-20251001-WA0043.jpg" "I:\Other computers\PEDIA WARD\PEDIA WARD2025\MONTH OF SEPTEMBER\25.09.2025\URVASHI YADAV\IMG-20251001-WA0044.jpg" 
Python exit code 0 
 
